<?xml version="1.0" encoding="UTF-8" ?>
<testsuite tests="3" failures="1" name="inicializationTests.automationTest" time="33.565" errors="0" skipped="2">
  <properties>
    <property name="java.runtime.name" value="OpenJDK Runtime Environment"/>
    <property name="java.vm.version" value="17.0.10+7-Ubuntu-123.10.1"/>
    <property name="sun.boot.library.path" value="/usr/lib/jvm/java-17-openjdk-amd64/lib"/>
    <property name="maven.multiModuleProjectDirectory" value="/home/gariel/Documentos/java-playwright"/>
    <property name="java.vm.vendor" value="Private Build"/>
    <property name="java.vendor.url" value="Unknown"/>
    <property name="guice.disable.misplaced.annotation.check" value="true"/>
    <property name="path.separator" value=":"/>
    <property name="java.vm.name" value="OpenJDK 64-Bit Server VM"/>
    <property name="user.country" value="BR"/>
    <property name="sun.java.launcher" value="SUN_STANDARD"/>
    <property name="java.vm.specification.name" value="Java Virtual Machine Specification"/>
    <property name="user.dir" value="/home/gariel/Documentos/java-playwright"/>
    <property name="java.vm.compressedOopsMode" value="Zero based"/>
    <property name="java.runtime.version" value="17.0.10+7-Ubuntu-123.10.1"/>
    <property name="os.arch" value="amd64"/>
    <property name="java.io.tmpdir" value="/tmp"/>
    <property name="line.separator" value="
"/>
    <property name="java.vm.specification.vendor" value="Oracle Corporation"/>
    <property name="os.name" value="Linux"/>
    <property name="classworlds.conf" value="/usr/share/maven/bin/m2.conf"/>
    <property name="sun.jnu.encoding" value="UTF-8"/>
    <property name="java.library.path" value="/usr/java/packages/lib:/usr/lib/x86_64-linux-gnu/jni:/lib/x86_64-linux-gnu:/usr/lib/x86_64-linux-gnu:/usr/lib/jni:/lib:/usr/lib"/>
    <property name="maven.conf" value="/usr/share/maven/conf"/>
    <property name="jdk.debug" value="release"/>
    <property name="java.class.version" value="61.0"/>
    <property name="java.specification.name" value="Java Platform API Specification"/>
    <property name="sun.management.compiler" value="HotSpot 64-Bit Tiered Compilers"/>
    <property name="os.version" value="6.5.0-26-generic"/>
    <property name="library.jansi.path" value="/usr/share/maven/lib/jansi-native"/>
    <property name="user.home" value="/home/gariel"/>
    <property name="user.timezone" value="Etc/UTC"/>
    <property name="file.encoding" value="UTF-8"/>
    <property name="java.specification.version" value="17"/>
    <property name="user.name" value="gariel"/>
    <property name="java.class.path" value="/usr/share/maven/boot/plexus-classworlds-2.x.jar"/>
    <property name="java.vm.specification.version" value="17"/>
    <property name="sun.arch.data.model" value="64"/>
    <property name="sun.java.command" value="org.codehaus.plexus.classworlds.launcher.Launcher clean test"/>
    <property name="java.home" value="/usr/lib/jvm/java-17-openjdk-amd64"/>
    <property name="user.language" value="pt"/>
    <property name="java.specification.vendor" value="Oracle Corporation"/>
    <property name="java.vm.info" value="mixed mode, sharing"/>
    <property name="java.version" value="17.0.10"/>
    <property name="native.encoding" value="UTF-8"/>
    <property name="java.vendor" value="Private Build"/>
    <property name="sun.stderr.encoding" value="UTF-8"/>
    <property name="maven.home" value="/usr/share/maven"/>
    <property name="file.separator" value="/"/>
    <property name="java.version.date" value="2024-01-16"/>
    <property name="java.vendor.url.bug" value="Unknown"/>
    <property name="sun.io.unicode.encoding" value="UnicodeLittle"/>
    <property name="sun.cpu.endian" value="little"/>
    <property name="sun.stdout.encoding" value="UTF-8"/>
  </properties>
  <testcase classname="inicializationTests.automationTest" name="start" time="33.553">
    <failure message="Error {
  message=&apos;Timeout 30000ms exceeded.
=========================== logs ===========================
navigating to &quot;https://demoqa.com/automation-practice-form&quot;, waiting until &quot;load&quot;
============================================================
  name=&apos;TimeoutError
  stack=&apos;TimeoutError: Timeout 30000ms exceeded.
=========================== logs ===========================
navigating to &quot;https://demoqa.com/automation-practice-form&quot;, waiting until &quot;load&quot;
============================================================
    at ProgressController.run (/tmp/playwright-java-1483480900673591698/package/lib/server/progress.js:88:26)
    at Frame.goto (/tmp/playwright-java-1483480900673591698/package/lib/server/frames.js:525:23)
    at FrameDispatcher.goto (/tmp/playwright-java-1483480900673591698/package/lib/server/dispatchers/frameDispatcher.js:75:121)
    at DispatcherConnection.dispatch (/tmp/playwright-java-1483480900673591698/package/lib/server/dispatchers/dispatcher.js:317:46)
}" type="com.microsoft.playwright.TimeoutError">com.microsoft.playwright.TimeoutError: Error {
  message=&apos;Timeout 30000ms exceeded.
=========================== logs ===========================
navigating to &quot;https://demoqa.com/automation-practice-form&quot;, waiting until &quot;load&quot;
============================================================
  name=&apos;TimeoutError
  stack=&apos;TimeoutError: Timeout 30000ms exceeded.
=========================== logs ===========================
navigating to &quot;https://demoqa.com/automation-practice-form&quot;, waiting until &quot;load&quot;
============================================================
    at ProgressController.run (/tmp/playwright-java-1483480900673591698/package/lib/server/progress.js:88:26)
    at Frame.goto (/tmp/playwright-java-1483480900673591698/package/lib/server/frames.js:525:23)
    at FrameDispatcher.goto (/tmp/playwright-java-1483480900673591698/package/lib/server/dispatchers/frameDispatcher.js:75:121)
    at DispatcherConnection.dispatch (/tmp/playwright-java-1483480900673591698/package/lib/server/dispatchers/dispatcher.js:317:46)
}
	at com.microsoft.playwright.impl.WaitableResult.get(WaitableResult.java:52)
	at com.microsoft.playwright.impl.ChannelOwner.runUntil(ChannelOwner.java:111)
	at com.microsoft.playwright.impl.Connection.sendMessage(Connection.java:119)
	at com.microsoft.playwright.impl.ChannelOwner.sendMessage(ChannelOwner.java:102)
	at com.microsoft.playwright.impl.FrameImpl.navigateImpl(FrameImpl.java:462)
	at com.microsoft.playwright.impl.PageImpl.lambda$navigate$44(PageImpl.java:845)
	at com.microsoft.playwright.impl.LoggingSupport.withLogging(LoggingSupport.java:47)
	at com.microsoft.playwright.impl.ChannelOwner.withLogging(ChannelOwner.java:87)
	at com.microsoft.playwright.impl.PageImpl.navigate(PageImpl.java:845)
	at com.microsoft.playwright.impl.PageImpl.navigate(PageImpl.java:41)
	at com.microsoft.playwright.Page.navigate(Page.java:4863)
	at initBrowser.InitAplication.Browser(InitAplication.java:16)
	at inicializationTests.automationTest.start(automationTest.java:22)
Caused by: com.microsoft.playwright.TimeoutError: Error {
  message=&apos;Timeout 30000ms exceeded.
=========================== logs ===========================
navigating to &quot;https://demoqa.com/automation-practice-form&quot;, waiting until &quot;load&quot;
============================================================
  name=&apos;TimeoutError
  stack=&apos;TimeoutError: Timeout 30000ms exceeded.
=========================== logs ===========================
navigating to &quot;https://demoqa.com/automation-practice-form&quot;, waiting until &quot;load&quot;
============================================================
    at ProgressController.run (/tmp/playwright-java-1483480900673591698/package/lib/server/progress.js:88:26)
    at Frame.goto (/tmp/playwright-java-1483480900673591698/package/lib/server/frames.js:525:23)
    at FrameDispatcher.goto (/tmp/playwright-java-1483480900673591698/package/lib/server/dispatchers/frameDispatcher.js:75:121)
    at DispatcherConnection.dispatch (/tmp/playwright-java-1483480900673591698/package/lib/server/dispatchers/dispatcher.js:317:46)
}
	at com.microsoft.playwright.impl.Connection.dispatch(Connection.java:199)
	at com.microsoft.playwright.impl.Connection.processOneMessage(Connection.java:181)
	at com.microsoft.playwright.impl.ChannelOwner.runUntil(ChannelOwner.java:109)
	... 46 more
</failure>
    <system-out>Configuring TestNG with: org.apache.maven.surefire.testng.conf.TestNG652Configurator@3a4afd8d
</system-out>
    <system-err>SLF4J: Failed to load class &quot;org.slf4j.impl.StaticLoggerBinder&quot;.
SLF4J: Defaulting to no-operation (NOP) logger implementation
SLF4J: See http://www.slf4j.org/codes.html#StaticLoggerBinder for further details.
</system-err>
  </testcase>
  <testcase classname="inicializationTests.automationTest" name="DemoSite" time="0.004">
    <skipped/>
  </testcase>
  <testcase classname="inicializationTests.automationTest" name="down" time="0.008">
    <skipped/>
  </testcase>
</testsuite>