<?xml version="1.0" encoding="UTF-8"?>
<!-- Generated by org.testng.reporters.JUnitReportReporter -->
<testsuite hostname="gariel-P19CFB" failures="0" tests="2" name="inicializationTests.automationTest" time="32.628" errors="1" timestamp="2024-04-06T08:08:45 UTC" skipped="1">
  <testcase classname="inicializationTests.automationTest" name="start" time="32.627">
    <error message="Error {
  message=&#039;Timeout 30000ms exceeded.
=========================== logs ===========================
navigating to &quot;https://demoqa.com/automation-practice-form&quot;, waiting until &quot;load&quot;
============================================================
  name=&#039;TimeoutError
  stack=&#039;TimeoutError: Timeout 30000ms exceeded.
=========================== logs ===========================
navigating to &quot;https://demoqa.com/automation-practice-form&quot;, waiting until &quot;load&quot;
============================================================
    at ProgressController.run (/tmp/playwright-java-1483480900673591698/package/lib/server/progress.js:88:26)
    at Frame.goto (/tmp/playwright-java-1483480900673591698/package/lib/server/frames.js:525:23)
    at FrameDispatcher.goto (/tmp/playwright-java-1483480900673591698/package/lib/server/dispatchers/frameDispatcher.js:75:121)
    at DispatcherConnection.dispatch (/tmp/playwright-java-1483480900673591698/package/lib/server/dispatchers/dispatcher.js:317:46)
}" type="com.microsoft.playwright.TimeoutError">
      <![CDATA[com.microsoft.playwright.TimeoutError: Error {
  message='Timeout 30000ms exceeded.
=========================== logs ===========================
navigating to "https://demoqa.com/automation-practice-form", waiting until "load"
============================================================
  name='TimeoutError
  stack='TimeoutError: Timeout 30000ms exceeded.
=========================== logs ===========================
navigating to "https://demoqa.com/automation-practice-form", waiting until "load"
============================================================
    at ProgressController.run (/tmp/playwright-java-1483480900673591698/package/lib/server/progress.js:88:26)
    at Frame.goto (/tmp/playwright-java-1483480900673591698/package/lib/server/frames.js:525:23)
    at FrameDispatcher.goto (/tmp/playwright-java-1483480900673591698/package/lib/server/dispatchers/frameDispatcher.js:75:121)
    at DispatcherConnection.dispatch (/tmp/playwright-java-1483480900673591698/package/lib/server/dispatchers/dispatcher.js:317:46)
}
at com.microsoft.playwright.impl.WaitableResult.get(WaitableResult.java:52)
at com.microsoft.playwright.impl.ChannelOwner.runUntil(ChannelOwner.java:111)
at com.microsoft.playwright.impl.Connection.sendMessage(Connection.java:119)
at com.microsoft.playwright.impl.ChannelOwner.sendMessage(ChannelOwner.java:102)
at com.microsoft.playwright.impl.FrameImpl.navigateImpl(FrameImpl.java:462)
at com.microsoft.playwright.impl.PageImpl.lambda$navigate$44(PageImpl.java:845)
at com.microsoft.playwright.impl.LoggingSupport.withLogging(LoggingSupport.java:47)
at com.microsoft.playwright.impl.ChannelOwner.withLogging(ChannelOwner.java:87)
at com.microsoft.playwright.impl.PageImpl.navigate(PageImpl.java:845)
at com.microsoft.playwright.impl.PageImpl.navigate(PageImpl.java:41)
at com.microsoft.playwright.Page.navigate(Page.java:4863)
at initBrowser.InitAplication.Browser(InitAplication.java:16)
at inicializationTests.automationTest.start(automationTest.java:22)
at java.base/jdk.internal.reflect.NativeMethodAccessorImpl.invoke0(Native Method)
at java.base/jdk.internal.reflect.NativeMethodAccessorImpl.invoke(NativeMethodAccessorImpl.java:77)
at java.base/jdk.internal.reflect.DelegatingMethodAccessorImpl.invoke(DelegatingMethodAccessorImpl.java:43)
at java.base/java.lang.reflect.Method.invoke(Method.java:568)
at org.testng.internal.invokers.MethodInvocationHelper.invokeMethod(MethodInvocationHelper.java:139)
at org.testng.internal.invokers.MethodInvocationHelper.invokeMethodConsideringTimeout(MethodInvocationHelper.java:69)
at org.testng.internal.invokers.ConfigInvoker.invokeConfigurationMethod(ConfigInvoker.java:361)
at org.testng.internal.invokers.ConfigInvoker.invokeConfigurations(ConfigInvoker.java:296)
at org.testng.internal.invokers.TestMethodWorker.invokeBeforeClassMethods(TestMethodWorker.java:180)
at org.testng.internal.invokers.TestMethodWorker.run(TestMethodWorker.java:122)
at java.base/java.util.ArrayList.forEach(ArrayList.java:1511)
at org.testng.TestRunner.privateRun(TestRunner.java:829)
at org.testng.TestRunner.run(TestRunner.java:602)
at org.testng.SuiteRunner.runTest(SuiteRunner.java:437)
at org.testng.SuiteRunner.runSequentially(SuiteRunner.java:431)
at org.testng.SuiteRunner.privateRun(SuiteRunner.java:391)
at org.testng.SuiteRunner.run(SuiteRunner.java:330)
at org.testng.SuiteRunnerWorker.runSuite(SuiteRunnerWorker.java:52)
at org.testng.SuiteRunnerWorker.run(SuiteRunnerWorker.java:95)
at org.testng.TestNG.runSuitesSequentially(TestNG.java:1256)
at org.testng.TestNG.runSuitesLocally(TestNG.java:1176)
at org.testng.TestNG.runSuites(TestNG.java:1099)
at org.testng.TestNG.run(TestNG.java:1067)
at org.apache.maven.surefire.testng.TestNGExecutor.run(TestNGExecutor.java:77)
at org.apache.maven.surefire.testng.TestNGDirectoryTestSuite.execute(TestNGDirectoryTestSuite.java:110)
at org.apache.maven.surefire.testng.TestNGProvider.invoke(TestNGProvider.java:106)
at java.base/jdk.internal.reflect.NativeMethodAccessorImpl.invoke0(Native Method)
at java.base/jdk.internal.reflect.NativeMethodAccessorImpl.invoke(NativeMethodAccessorImpl.java:77)
at java.base/jdk.internal.reflect.DelegatingMethodAccessorImpl.invoke(DelegatingMethodAccessorImpl.java:43)
at java.base/java.lang.reflect.Method.invoke(Method.java:568)
at org.apache.maven.surefire.util.ReflectionUtils.invokeMethodWithArray(ReflectionUtils.java:189)
at org.apache.maven.surefire.booter.ProviderFactory$ProviderProxy.invoke(ProviderFactory.java:165)
at org.apache.maven.surefire.booter.ProviderFactory.invokeProvider(ProviderFactory.java:85)
at org.apache.maven.surefire.booter.ForkedBooter.runSuitesInProcess(ForkedBooter.java:115)
at org.apache.maven.surefire.booter.ForkedBooter.main(ForkedBooter.java:75)
Caused by: com.microsoft.playwright.TimeoutError: Error {
  message='Timeout 30000ms exceeded.
=========================== logs ===========================
navigating to "https://demoqa.com/automation-practice-form", waiting until "load"
============================================================
  name='TimeoutError
  stack='TimeoutError: Timeout 30000ms exceeded.
=========================== logs ===========================
navigating to "https://demoqa.com/automation-practice-form", waiting until "load"
============================================================
    at ProgressController.run (/tmp/playwright-java-1483480900673591698/package/lib/server/progress.js:88:26)
    at Frame.goto (/tmp/playwright-java-1483480900673591698/package/lib/server/frames.js:525:23)
    at FrameDispatcher.goto (/tmp/playwright-java-1483480900673591698/package/lib/server/dispatchers/frameDispatcher.js:75:121)
    at DispatcherConnection.dispatch (/tmp/playwright-java-1483480900673591698/package/lib/server/dispatchers/dispatcher.js:317:46)
}
at com.microsoft.playwright.impl.Connection.dispatch(Connection.java:199)
at com.microsoft.playwright.impl.Connection.processOneMessage(Connection.java:181)
at com.microsoft.playwright.impl.ChannelOwner.runUntil(ChannelOwner.java:109)
... 46 more
]]>
    </error>
  </testcase> <!-- start -->
  <system-out/>
  <testcase classname="inicializationTests.automationTest" name="DemoSite" time="0.001">
    <skipped/>
  </testcase> <!-- DemoSite -->
  <system-out/>
</testsuite> <!-- inicializationTests.automationTest -->
