<?xml version="1.0" encoding="UTF-8"?>
<!-- Generated by org.testng.reporters.JUnitReportReporter -->
<testsuite hostname="gariel-P19CFB" failures="0" tests="1" name="inicializationTests.automationTest" time="16.048" errors="0" timestamp="2024-09-28T04:20:53 BRT" skipped="0">
  <testcase classname="inicializationTests.automationTest" name="DemoSite" time="16.048"/>
  <system-out/>
</testsuite> <!-- inicializationTests.automationTest -->
